<?xml version="1.0" encoding="UTF-8"?>
<!-- Generated by org.testng.reporters.JUnitXMLReporter -->
<testsuite hostname="LGVN14359-WIN7" name="SuiteTwoCaseTwo" tests="2" failures="0" timestamp="15 Apr 2016 06:43:18 GMT" time="0.062" errors="0">
  <testcase name="SuiteTwoCaseTwoTest" time="0.0" classname="com.stta.SuiteTwo.SuiteTwoCaseTwo">
    <skipped/>
  </testcase> <!-- SuiteTwoCaseTwoTest -->
  <testcase name="SuiteTwoCaseTwoTest" time="0.0" classname="com.stta.SuiteTwo.SuiteTwoCaseTwo"/>
</testsuite> <!-- SuiteTwoCaseTwo -->
