<?xml version="1.0" encoding="UTF-8"?>
<!-- Generated by org.testng.reporters.JUnitXMLReporter -->
<testsuite hostname="LGVN14359-WIN7" name="Assertion" tests="2" failures="0" timestamp="13 May 2016 03:42:35 GMT" time="0.081" errors="0">
  <testcase name="Assert_Method_1" time="0.0" classname="com.stta.ExampleCases.Assertion">
    <skipped/>
  </testcase> <!-- Assert_Method_1 -->
  <testcase name="Assert_Method_2" time="0.0" classname="com.stta.ExampleCases.Assertion">
    <skipped/>
  </testcase> <!-- Assert_Method_2 -->
</testsuite> <!-- Assertion -->
