<?xml version="1.0" encoding="UTF-8"?>
<!-- Generated by org.testng.reporters.JUnitXMLReporter -->
<testsuite hostname="LGVN14359-WIN7" name="SuiteOneCaseTwo" tests="2" failures="0" timestamp="15 Apr 2016 06:43:17 GMT" time="0.119" errors="0">
  <testcase name="SuiteOneCaseTwoTest" time="0.001" classname="com.stta.SuiteOne.SuiteOneCaseTwo">
    <skipped/>
  </testcase> <!-- SuiteOneCaseTwoTest -->
  <testcase name="SuiteOneCaseTwoTest" time="0.0" classname="com.stta.SuiteOne.SuiteOneCaseTwo"/>
</testsuite> <!-- SuiteOneCaseTwo -->
